reading train images...
preprocessing train volumes...
cropping train volumes...
padding train volumes...
resizing train volumes...
normalizing train volumes...
done creating train dataset
reading validation images...
preprocessing validation volumes...
cropping validation volumes...
padding validation volumes...
resizing validation volumes...
normalizing validation volumes...
done creating validation dataset
reading train images...
preprocessing train volumes...
cropping train volumes...
padding train volumes...
resizing train volumes...
normalizing train volumes...
done creating train dataset
reading validation images...
preprocessing validation volumes...
cropping validation volumes...
padding validation volumes...
resizing validation volumes...
normalizing validation volumes...
done creating validation dataset
Validation sanity check: 0it [00:00, ?it/s]Validation sanity check:   0%|          | 0/2 [00:00<?, ?it/s]